生成启动时间为 2017/12/13 11:28:36。
     1>项目“D:\工作任务\代码收藏\STL\Vector\Vector\Vector.vcxproj”在节点 2 上(Build 个目标)。
     1>ClCompile:
         C:\Program Files (x86)\Microsoft Visual Studio 12.0\VC\bin\CL.exe /c /ZI /nologo /W3 /WX- /sdl /Od /Oy- /D WIN32 /D _DEBUG /D _CONSOLE /D _LIB /D _CRT_SECURE_NO_WARNINGS /D "-D_SCL_SECURE_NO_WARNINGS" /D _UNICODE /D UNICODE /Gm /EHsc /RTC1 /MDd /GS /fp:precise /Zc:wchar_t /Zc:forScope /Fo"Debug\\" /Fd"Debug\vc120.pdb" /Gd /TP /analyze- /errorReport:prompt test.cpp
         test.cpp
     1>d:\工作任务\代码收藏\stl\vector\vector\test.cpp(11): warning C4018: “<”: 有符号/无符号不匹配
     1>d:\工作任务\代码收藏\stl\vector\vector\test.cpp(17): warning C4018: “<”: 有符号/无符号不匹配
     1>d:\工作任务\代码收藏\stl\vector\vector\test.cpp(23): warning C4018: “<”: 有符号/无符号不匹配
     1>d:\工作任务\代码收藏\stl\vector\vector\test.cpp(29): warning C4018: “<”: 有符号/无符号不匹配
     1>d:\工作任务\代码收藏\stl\vector\vector\test.cpp(35): warning C4018: “<”: 有符号/无符号不匹配
     1>d:\工作任务\代码收藏\stl\vector\vector\test.cpp(41): warning C4018: “<”: 有符号/无符号不匹配
     1>d:\工作任务\代码收藏\stl\vector\vector\test.cpp(50): warning C4018: “<”: 有符号/无符号不匹配
     1>d:\工作任务\代码收藏\stl\vector\vector\test.cpp(56): warning C4018: “<”: 有符号/无符号不匹配
     1>d:\工作任务\代码收藏\stl\vector\vector\test.cpp(62): warning C4018: “<”: 有符号/无符号不匹配
     1>d:\工作任务\代码收藏\stl\vector\vector\test.cpp(68): warning C4018: “<”: 有符号/无符号不匹配
     1>d:\工作任务\代码收藏\stl\vector\vector\test.cpp(74): warning C4018: “<”: 有符号/无符号不匹配
     1>d:\工作任务\代码收藏\stl\vector\vector\test.cpp(80): warning C4018: “<”: 有符号/无符号不匹配
     1>d:\工作任务\代码收藏\stl\vector\vector\test.cpp(90): warning C4018: “<”: 有符号/无符号不匹配
     1>d:\工作任务\代码收藏\stl\vector\vector\test.cpp(93): warning C4018: “<”: 有符号/无符号不匹配
     1>d:\工作任务\代码收藏\stl\vector\vector\test.cpp(103): warning C4018: “<”: 有符号/无符号不匹配
     1>d:\工作任务\代码收藏\stl\vector\vector\test.cpp(106): warning C4018: “<”: 有符号/无符号不匹配
     1>d:\工作任务\代码收藏\stl\vector\vector\test.cpp(116): warning C4018: “<”: 有符号/无符号不匹配
     1>d:\工作任务\代码收藏\stl\vector\vector\test.cpp(119): warning C4018: “<”: 有符号/无符号不匹配
     1>d:\工作任务\代码收藏\stl\vector\vector\test.cpp(129): warning C4018: “<”: 有符号/无符号不匹配
     1>d:\工作任务\代码收藏\stl\vector\vector\test.cpp(132): warning C4018: “<”: 有符号/无符号不匹配
     1>d:\工作任务\代码收藏\stl\vector\vector\test.cpp(142): warning C4018: “<”: 有符号/无符号不匹配
     1>d:\工作任务\代码收藏\stl\vector\vector\test.cpp(145): warning C4018: “<”: 有符号/无符号不匹配
     1>d:\工作任务\代码收藏\stl\vector\vector\test.cpp(155): warning C4018: “<”: 有符号/无符号不匹配
     1>d:\工作任务\代码收藏\stl\vector\vector\test.cpp(158): warning C4018: “<”: 有符号/无符号不匹配
       Link:
         C:\Program Files (x86)\Microsoft Visual Studio 12.0\VC\bin\link.exe /ERRORREPORT:PROMPT /OUT:"D:\工作任务\代码收藏\STL\Vector\Debug\Vector.exe" /INCREMENTAL /NOLOGO kernel32.lib user32.lib gdi32.lib winspool.lib comdlg32.lib advapi32.lib shell32.lib ole32.lib oleaut32.lib uuid.lib odbc32.lib odbccp32.lib /MANIFEST /MANIFESTUAC:"level='asInvoker' uiAccess='false'" /manifest:embed /DEBUG /PDB:"D:\工作任务\代码收藏\STL\Vector\Debug\Vector.pdb" /SUBSYSTEM:CONSOLE /TLBID:1 /DYNAMICBASE /NXCOMPAT /IMPLIB:"D:\工作任务\代码收藏\STL\Vector\Debug\Vector.lib" /MACHINE:X86 Debug\test.obj
         Debug\VectorT.obj
         Vector.vcxproj -> D:\工作任务\代码收藏\STL\Vector\Debug\Vector.exe
     1>已完成生成项目“D:\工作任务\代码收藏\STL\Vector\Vector\Vector.vcxproj”(Build 个目标)的操作。

生成成功。

已用时间 00:00:00.79
